<?xml version="1.0" encoding="UTF-8"?>
<!-- Generated by org.testng.reporters.JUnitReportReporter -->
<testsuite hostname="LAPTOP-6P3KT7T9" failures="0" tests="1" name="testSuite.AddEmployeePageTests" time="25.270" errors="0" timestamp="2024-11-04T23:22:45 IST" skipped="0">
  <testcase classname="testSuite.AddEmployeePageTests" name="testCase01" time="25.270"/>
  <system-out/>
</testsuite> <!-- testSuite.AddEmployeePageTests -->
