<?xml version="1.0" encoding="UTF-8"?>
<!-- Generated by org.testng.reporters.JUnitReportReporter -->
<testsuite hostname="LAPTOP-6P3KT7T9" failures="0" tests="1" name="testSuites.MakeMyTrip" time="18.866" errors="0" timestamp="2024-10-08T12:16:17 IST" skipped="0">
  <testcase classname="testSuites.MakeMyTrip" name="test" time="18.866"/>
  <system-out/>
</testsuite> <!-- testSuites.MakeMyTrip -->
