<?xml version="1.0" encoding="UTF-8"?>
<!-- Generated by org.testng.reporters.JUnitReportReporter -->
<testsuite hostname="LAPTOP-6P3KT7T9" failures="0" tests="1" name="utils.PropertiesUtils" time="0.012" errors="0" timestamp="2024-10-22T23:08:03 IST" skipped="0">
  <testcase classname="utils.PropertiesUtils" name="setKeyAndValue" time="0.012"/>
  <system-out/>
</testsuite> <!-- utils.PropertiesUtils -->
