<?xml version="1.0" encoding="UTF-8"?>
<!-- Generated by org.testng.reporters.JUnitReportReporter -->
<testsuite hostname="LAPTOP-6P3KT7T9" failures="0" tests="1" name="testSuites.Test1" time="63.613" errors="0" timestamp="2024-10-21T12:16:15 IST" skipped="0">
  <testcase classname="testSuites.Test1" name="main" time="63.613"/>
  <system-out/>
</testsuite> <!-- testSuites.Test1 -->
