<?xml version="1.0" encoding="UTF-8"?>
<!-- Generated by org.testng.reporters.JUnitReportReporter -->
<testsuite hostname="LAPTOP-6P3KT7T9" failures="0" tests="1" name="testSuite.EmployeeListPageTests" time="15.646" errors="0" timestamp="2024-11-04T23:19:59 IST" skipped="0">
  <testcase classname="testSuite.EmployeeListPageTests" name="testCase01" time="15.646"/>
  <system-out/>
</testsuite> <!-- testSuite.EmployeeListPageTests -->
