<?xml version="1.0" encoding="UTF-8"?>
<!-- Generated by org.testng.reporters.JUnitReportReporter -->
<testsuite hostname="LAPTOP-6P3KT7T9" failures="0" tests="1" name="utils.FrameworkUtils" time="2.122" errors="0" timestamp="2024-10-22T12:37:17 IST" skipped="0">
  <testcase classname="utils.FrameworkUtils" name="getFiles" time="2.122"/>
  <system-out/>
</testsuite> <!-- utils.FrameworkUtils -->
