<?xml version="1.0" encoding="UTF-8"?>
<!-- Generated by org.testng.reporters.JUnitReportReporter -->
<testsuite hostname="LAPTOP-6P3KT7T9" failures="0" tests="1" name="utils.PropertiesUtils" time="0.013" errors="0" timestamp="2024-10-25T22:30:48 IST" skipped="0">
  <testcase classname="utils.PropertiesUtils" name="setKeyAndValue" time="0.013"/>
  <system-out/>
</testsuite> <!-- utils.PropertiesUtils -->
