<?xml version="1.0" encoding="UTF-8"?>
<!-- Generated by org.testng.reporters.JUnitReportReporter -->
<testsuite hostname="LAPTOP-6P3KT7T9" failures="0" tests="1" name="testSuite.Practice" time="8.184" errors="0" timestamp="2024-09-22T08:47:29 IST" skipped="0">
  <testcase classname="testSuite.Practice" name="f" time="8.184"/>
  <system-out/>
</testsuite> <!-- testSuite.Practice -->
