<?xml version="1.0" encoding="UTF-8"?>
<!-- Generated by org.testng.reporters.JUnitReportReporter -->
<testsuite hostname="LAPTOP-6P3KT7T9" failures="0" tests="8" name="testrunner.TestRunner" time="241.108" errors="0" timestamp="2024-09-22T09:36:33 IST" skipped="0">
  <testcase classname="testrunner.TestRunner" name="runScenario" time="47.146"/>
  <system-out/>
  <testcase classname="testrunner.TestRunner" name="runScenario" time="20.924"/>
  <system-out/>
  <testcase classname="testrunner.TestRunner" name="runScenario" time="26.651"/>
  <system-out/>
  <testcase classname="testrunner.TestRunner" name="runScenario" time="23.428"/>
  <system-out/>
  <testcase classname="testrunner.TestRunner" name="runScenario" time="21.947"/>
  <system-out/>
  <testcase classname="testrunner.TestRunner" name="runScenario" time="45.316"/>
  <system-out/>
  <testcase classname="testrunner.TestRunner" name="runScenario" time="20.192"/>
  <system-out/>
  <testcase classname="testrunner.TestRunner" name="runScenario" time="35.504"/>
  <system-out/>
</testsuite> <!-- testrunner.TestRunner -->
