<?xml version="1.0" encoding="UTF-8"?>
<!-- Generated by org.testng.reporters.JUnitReportReporter -->
<testsuite hostname="LAPTOP-6P3KT7T9" failures="0" tests="1" name="testSuites.Test1" time="7.777" errors="0" timestamp="2024-09-06T12:33:56 IST" skipped="0">
  <testcase classname="testSuites.Test1" name="main" time="7.777"/>
</testsuite> <!-- testSuites.Test1 -->
