<?xml version="1.0" encoding="UTF-8"?>
<!-- Generated by org.testng.reporters.JUnitReportReporter -->
<testsuite hostname="LAPTOP-6P3KT7T9" failures="0" tests="2" name="testrunner.TestRunner" time="178.259" errors="0" timestamp="2024-09-22T16:56:48 IST" skipped="0">
  <testcase classname="testrunner.TestRunner" name="runScenario" time="89.220"/>
  <system-out/>
  <testcase classname="testrunner.TestRunner" name="runScenario" time="89.039"/>
  <system-out/>
</testsuite> <!-- testrunner.TestRunner -->
