<?xml version="1.0" encoding="UTF-8"?>
<!-- Generated by org.testng.reporters.JUnitReportReporter -->
<testsuite hostname="LAPTOP-6P3KT7T9" failures="0" tests="1" name="testSuites.MakeMyTrip" time="13.924" errors="0" timestamp="2024-09-08T14:25:20 IST" skipped="0">
  <testcase classname="testSuites.MakeMyTrip" name="test" time="13.924"/>
</testsuite> <!-- testSuites.MakeMyTrip -->
