<?xml version="1.0" encoding="UTF-8"?>
<!-- Generated by org.testng.reporters.JUnitReportReporter -->
<testsuite hostname="LAPTOP-6P3KT7T9" failures="0" tests="1" name="utils.LocatorUtils" time="1.067" errors="0" timestamp="2024-10-21T19:15:26 IST" skipped="0">
  <testcase classname="utils.LocatorUtils" name="name" time="1.067"/>
  <system-out/>
</testsuite> <!-- utils.LocatorUtils -->
