<?xml version="1.0" encoding="UTF-8"?>
<!-- Generated by org.testng.reporters.JUnitReportReporter -->
<testsuite hostname="LAPTOP-6P3KT7T9" failures="0" tests="1" name="testrunner.TestRunner" time="0.153" errors="0" timestamp="2024-09-20T00:28:18 IST" skipped="0">
  <testcase classname="testrunner.TestRunner" name="runScenario" time="0.153"/>
  <system-out/>
</testsuite> <!-- testrunner.TestRunner -->
