<?xml version="1.0" encoding="UTF-8"?>
<!-- Generated by org.testng.reporters.JUnitReportReporter -->
<testsuite hostname="LAPTOP-6P3KT7T9" failures="0" tests="1" name="testSuites.RetrieveData" time="15.175" errors="0" timestamp="2024-09-14T22:48:37 IST" skipped="0">
  <testcase classname="testSuites.RetrieveData" name="testcase09" time="15.175"/>
  <system-out/>
</testsuite> <!-- testSuites.RetrieveData -->
