<?xml version="1.0" encoding="UTF-8"?>
<!-- Generated by org.testng.reporters.JUnitReportReporter -->
<testsuite hostname="LAPTOP-6P3KT7T9" failures="0" tests="1" name="testSuites.Test1" time="8.312" errors="0" timestamp="2024-09-15T12:08:50 IST" skipped="0">
  <testcase classname="testSuites.Test1" name="main" time="8.312"/>
  <system-out/>
</testsuite> <!-- testSuites.Test1 -->
