<?xml version="1.0" encoding="UTF-8"?>
<!-- Generated by org.testng.reporters.JUnitReportReporter -->
<testsuite hostname="LAPTOP-6P3KT7T9" failures="0" tests="10" name="testrunner.TestRunner" time="790.083" errors="0" timestamp="2024-09-26T22:53:46 IST" skipped="0">
  <testcase classname="testrunner.TestRunner" name="runScenario" time="103.370"/>
  <system-out/>
  <testcase classname="testrunner.TestRunner" name="runScenario" time="59.833"/>
  <system-out/>
  <testcase classname="testrunner.TestRunner" name="runScenario" time="105.748"/>
  <system-out/>
  <testcase classname="testrunner.TestRunner" name="runScenario" time="37.731"/>
  <system-out/>
  <testcase classname="testrunner.TestRunner" name="runScenario" time="49.495"/>
  <system-out/>
  <testcase classname="testrunner.TestRunner" name="runScenario" time="43.317"/>
  <system-out/>
  <testcase classname="testrunner.TestRunner" name="runScenario" time="104.315"/>
  <system-out/>
  <testcase classname="testrunner.TestRunner" name="runScenario" time="78.162"/>
  <system-out/>
  <testcase classname="testrunner.TestRunner" name="runScenario" time="103.386"/>
  <system-out/>
  <testcase classname="testrunner.TestRunner" name="runScenario" time="104.726"/>
  <system-out/>
</testsuite> <!-- testrunner.TestRunner -->
