<?xml version="1.0" encoding="UTF-8"?>
<!-- Generated by org.testng.reporters.JUnitReportReporter -->
<testsuite hostname="LAPTOP-6P3KT7T9" failures="0" tests="1" name="testSuite.TestCase01" time="0.968" errors="0" timestamp="2024-09-27T00:44:36 IST" skipped="0">
  <testcase classname="testSuite.TestCase01" name="testCase05" time="0.968"/>
  <system-out/>
</testsuite> <!-- testSuite.TestCase01 -->
