<?xml version="1.0" encoding="UTF-8"?>
<!-- Generated by org.testng.reporters.JUnitReportReporter -->
<testsuite hostname="LAPTOP-6P3KT7T9" failures="0" tests="10" name="testrunner.TestRunner" time="784.354" errors="0" timestamp="2024-10-01T11:20:57 IST" skipped="0">
  <testcase classname="testrunner.TestRunner" name="runScenario" time="101.951"/>
  <system-out/>
  <testcase classname="testrunner.TestRunner" name="runScenario" time="101.849"/>
  <system-out/>
  <testcase classname="testrunner.TestRunner" name="runScenario" time="36.193"/>
  <system-out/>
  <testcase classname="testrunner.TestRunner" name="runScenario" time="47.488"/>
  <system-out/>
  <testcase classname="testrunner.TestRunner" name="runScenario" time="98.162"/>
  <system-out/>
  <testcase classname="testrunner.TestRunner" name="runScenario" time="103.625"/>
  <system-out/>
  <testcase classname="testrunner.TestRunner" name="runScenario" time="106.536"/>
  <system-out/>
  <testcase classname="testrunner.TestRunner" name="runScenario" time="47.136"/>
  <system-out/>
  <testcase classname="testrunner.TestRunner" name="runScenario" time="101.237"/>
  <system-out/>
  <testcase classname="testrunner.TestRunner" name="runScenario" time="40.177"/>
  <system-out/>
</testsuite> <!-- testrunner.TestRunner -->
