<?xml version="1.0" encoding="UTF-8"?>
<!-- Generated by org.testng.reporters.JUnitReportReporter -->
<testsuite hostname="LAPTOP-6P3KT7T9" failures="0" tests="1" name="testSuite.Practice" time="0.001" errors="0" timestamp="2024-10-19T19:53:51 IST" skipped="0">
  <testcase classname="testSuite.Practice" name="f" time="0.001"/>
  <system-out/>
</testsuite> <!-- testSuite.Practice -->
