<?xml version="1.0" encoding="UTF-8"?>
<!-- Generated by org.testng.reporters.JUnitReportReporter -->
<testsuite hostname="LAPTOP-6P3KT7T9" failures="0" tests="1" name="testSuites.Amazon" time="105.588" errors="0" timestamp="2024-09-11T11:49:25 IST" skipped="0">
  <testcase classname="testSuites.Amazon" name="main" time="105.588"/>
  <system-out/>
</testsuite> <!-- testSuites.Amazon -->
