<?xml version="1.0" encoding="UTF-8"?>
<!-- Generated by org.testng.reporters.JUnitReportReporter -->
<testsuite hostname="LAPTOP-6P3KT7T9" failures="0" tests="2" name="testrunner.TestRunner" time="81.150" errors="0" timestamp="2024-09-21T19:08:15 IST" skipped="0">
  <testcase classname="testrunner.TestRunner" name="runScenario" time="51.358"/>
  <system-out/>
  <testcase classname="testrunner.TestRunner" name="runScenario" time="29.792"/>
  <system-out/>
</testsuite> <!-- testrunner.TestRunner -->
