<?xml version="1.0" encoding="UTF-8"?>
<!-- Generated by org.testng.reporters.JUnitReportReporter -->
<testsuite hostname="LAPTOP-6P3KT7T9" failures="0" tests="1" name="testSuite.TestCase02" time="29.827" errors="0" timestamp="2024-09-19T23:35:34 IST" skipped="0">
  <testcase classname="testSuite.TestCase02" name="tc02" time="29.827"/>
  <system-out/>
</testsuite> <!-- testSuite.TestCase02 -->
