<?xml version="1.0" encoding="UTF-8"?>
<!-- Generated by org.testng.reporters.JUnitReportReporter -->
<testsuite hostname="LAPTOP-6P3KT7T9" failures="0" tests="1" name="pages.LoginPage" time="0.000" errors="1" timestamp="2024-09-19T23:35:34 IST" skipped="0">
  <testcase classname="pages.LoginPage" name="performLogin" time="0.000">
    <error message="
Method public void pages.LoginPage.performLogin() throws java.lang.Exception requires a @DataProvider named : excelData in class utils.DataProviderUtils" type="org.testng.TestNGException">
      <![CDATA[org.testng.TestNGException: 
Method public void pages.LoginPage.performLogin() throws java.lang.Exception requires a @DataProvider named : excelData in class utils.DataProviderUtils
at org.testng.internal.Parameters.findDataProvider(Parameters.java:561)
at org.testng.internal.Parameters.handleParameters(Parameters.java:772)
at org.testng.internal.Parameters.handleParameters(Parameters.java:740)
at org.testng.internal.ParameterHandler.handleParameters(ParameterHandler.java:59)
at org.testng.internal.ParameterHandler.createParameters(ParameterHandler.java:38)
at org.testng.internal.TestInvoker$MethodInvocationAgent.invoke(TestInvoker.java:791)
at org.testng.internal.TestInvoker.invokeTestMethods(TestInvoker.java:146)
at org.testng.internal.TestMethodWorker.invokeTestMethods(TestMethodWorker.java:146)
at org.testng.internal.TestMethodWorker.run(TestMethodWorker.java:128)
at java.base/java.util.concurrent.ThreadPoolExecutor.runWorker(ThreadPoolExecutor.java:1144)
at java.base/java.util.concurrent.ThreadPoolExecutor$Worker.run(ThreadPoolExecutor.java:642)
at java.base/java.lang.Thread.run(Thread.java:1583)
]]>
    </error>
  </testcase> <!-- performLogin -->
  <system-out/>
</testsuite> <!-- pages.LoginPage -->
