<?xml version="1.0" encoding="UTF-8"?>
<!-- Generated by org.testng.reporters.JUnitReportReporter -->
<testsuite hostname="LAPTOP-6P3KT7T9" failures="0" tests="1" name="testSuite.LoginPageTests" time="61.566" errors="0" timestamp="2024-10-21T12:42:27 IST" skipped="0">
  <testcase classname="testSuite.LoginPageTests" name="testCase06" time="61.566"/>
  <system-out/>
</testsuite> <!-- testSuite.LoginPageTests -->
