<?xml version="1.0" encoding="UTF-8"?>
<!-- Generated by org.testng.reporters.JUnitReportReporter -->
<testsuite hostname="LAPTOP-6P3KT7T9" failures="0" tests="1" name="com.paraBank.testscripts.TC051_OpenNewAccount_Page" time="13.885" errors="0" timestamp="2 Feb 2024 12:26:10 GMT">
  <testcase classname="com.paraBank.testscripts.TC051_OpenNewAccount_Page" name="tc051" time="13.885"/>
</testsuite> <!-- com.paraBank.testscripts.TC051_OpenNewAccount_Page -->
