<?xml version="1.0" encoding="UTF-8"?>
<!-- Generated by org.testng.reporters.JUnitReportReporter -->
<testsuite hostname="LAPTOP-6P3KT7T9" failures="0" tests="1" name="com.paraBank.testscripts.TC009_Register_Page" time="10.506" errors="0" timestamp="1 Feb 2024 17:01:55 GMT">
  <testcase classname="com.paraBank.testscripts.TC009_Register_Page" name="tc009" time="10.506"/>
</testsuite> <!-- com.paraBank.testscripts.TC009_Register_Page -->
