<?xml version="1.0" encoding="UTF-8"?>
<!-- Generated by org.testng.reporters.JUnitReportReporter -->
<testsuite hostname="LAPTOP-6P3KT7T9" failures="0" tests="1" name="com.paraBank.testscripts.TC036_Login_Page" time="23.271" errors="0" timestamp="2 Feb 2024 06:16:17 GMT">
  <testcase classname="com.paraBank.testscripts.TC036_Login_Page" name="tc036" time="23.271"/>
</testsuite> <!-- com.paraBank.testscripts.TC036_Login_Page -->
