<?xml version="1.0" encoding="UTF-8"?>
<!-- Generated by org.testng.reporters.JUnitReportReporter -->
<testsuite hostname="LAPTOP-6P3KT7T9" failures="0" tests="1" name="com.paraBank.testscripts.TC047_OpenNewAccount_Page" time="14.541" errors="0" timestamp="2 Feb 2024 12:01:39 GMT">
  <testcase classname="com.paraBank.testscripts.TC047_OpenNewAccount_Page" name="tc047" time="14.541"/>
</testsuite> <!-- com.paraBank.testscripts.TC047_OpenNewAccount_Page -->
