<?xml version="1.0" encoding="UTF-8"?>
<!-- Generated by org.testng.reporters.JUnitReportReporter -->
<testsuite hostname="LAPTOP-6P3KT7T9" failures="0" tests="1" name="com.paraBank.testscripts.Accounts_Overview" time="12.426" errors="0" timestamp="2 Feb 2024 09:47:19 GMT">
  <testcase classname="com.paraBank.testscripts.Accounts_Overview" name="tc" time="12.426"/>
</testsuite> <!-- com.paraBank.testscripts.Accounts_Overview -->
