<?xml version="1.0" encoding="UTF-8"?>
<!-- Generated by org.testng.reporters.JUnitReportReporter -->
<testsuite hostname="LAPTOP-6P3KT7T9" failures="0" tests="1" name="com.paraBank.testscripts.VerifyTitle" time="8.668" errors="0" timestamp="26 Jan 2024 21:07:53 GMT">
  <testcase classname="com.paraBank.testscripts.VerifyTitle" name="verifyTitle" time="8.668"/>
</testsuite> <!-- com.paraBank.testscripts.VerifyTitle -->
