<?xml version="1.0" encoding="UTF-8"?>
<!-- Generated by org.testng.reporters.JUnitReportReporter -->
<testsuite hostname="LAPTOP-6P3KT7T9" failures="0" tests="1" name="com.paraBank.testscripts.TC039_Login_Page" time="10.231" errors="0" timestamp="2 Feb 2024 06:21:51 GMT">
  <testcase classname="com.paraBank.testscripts.TC039_Login_Page" name="tc039" time="10.231"/>
</testsuite> <!-- com.paraBank.testscripts.TC039_Login_Page -->
