<?xml version="1.0" encoding="UTF-8"?>
<!-- Generated by org.testng.reporters.JUnitReportReporter -->
<testsuite hostname="LAPTOP-6P3KT7T9" failures="0" tests="1" name="com.paraBank.testscripts.TC027_Register_Page" time="11.734" errors="0" timestamp="1 Feb 2024 18:37:06 GMT">
  <testcase classname="com.paraBank.testscripts.TC027_Register_Page" name="tc027" time="11.734"/>
</testsuite> <!-- com.paraBank.testscripts.TC027_Register_Page -->
