<?xml version="1.0" encoding="UTF-8"?>
<!-- Generated by org.testng.reporters.JUnitReportReporter -->
<testsuite hostname="LAPTOP-6P3KT7T9" failures="0" tests="1" name="com.paraBank.testscripts.TC010_Register_Page" time="16.168" errors="0" timestamp="1 Feb 2024 17:09:08 GMT">
  <testcase classname="com.paraBank.testscripts.TC010_Register_Page" name="tc010" time="16.168"/>
</testsuite> <!-- com.paraBank.testscripts.TC010_Register_Page -->
