<?xml version="1.0" encoding="UTF-8"?>
<!-- Generated by org.testng.reporters.JUnitReportReporter -->
<testsuite hostname="LAPTOP-6P3KT7T9" failures="0" tests="1" name="com.paraBank.testscripts.Login" time="10.164" errors="0" timestamp="27 Jan 2024 10:20:41 GMT">
  <testcase classname="com.paraBank.testscripts.Login" name="loginPage" time="10.164"/>
</testsuite> <!-- com.paraBank.testscripts.Login -->
