<?xml version="1.0" encoding="UTF-8"?>
<!-- Generated by org.testng.reporters.JUnitReportReporter -->
<testsuite hostname="LAPTOP-6P3KT7T9" failures="0" tests="1" name="com.paraBank.testscripts.TC019_Register_Page" time="26.378" errors="0" timestamp="1 Feb 2024 17:38:09 GMT">
  <testcase classname="com.paraBank.testscripts.TC019_Register_Page" name="tc001" time="26.378"/>
</testsuite> <!-- com.paraBank.testscripts.TC019_Register_Page -->
