<?xml version="1.0" encoding="UTF-8"?>
<!-- Generated by org.testng.reporters.JUnitReportReporter -->
<testsuite hostname="LAPTOP-6P3KT7T9" failures="0" tests="1" name="com.paraBank.testscripts.TC049_OpenNewAccount_Page" time="16.103" errors="0" timestamp="2 Feb 2024 12:05:05 GMT">
  <testcase classname="com.paraBank.testscripts.TC049_OpenNewAccount_Page" name="tc049" time="16.103"/>
</testsuite> <!-- com.paraBank.testscripts.TC049_OpenNewAccount_Page -->
