<?xml version="1.0" encoding="UTF-8"?>
<!-- Generated by org.testng.reporters.JUnitReportReporter -->
<testsuite hostname="LAPTOP-6P3KT7T9" failures="0" tests="1" name="com.paraBank.testscripts.TC044_Login_Page" time="9.401" errors="0" timestamp="2 Feb 2024 07:52:16 GMT">
  <testcase classname="com.paraBank.testscripts.TC044_Login_Page" name="tc044" time="9.401"/>
</testsuite> <!-- com.paraBank.testscripts.TC044_Login_Page -->
